Build started 2/13/2017 11:37:25 AM.
     1>Project "C:\Users\160324T\Desktop\SP2\Application\Application.vcxproj" on node 2 (Build target(s)).
     1>ClCompile:
         C:\Program Files (x86)\Microsoft Visual Studio 12.0\VC\bin\CL.exe /c /IC:\Users\160324T\Desktop\SP2\\glew\include /IC:\Users\160324T\Desktop\SP2\\glfw\include /IC:\Users\160324T\Desktop\SP2\\Common\Source /ZI /nologo /W3 /WX- /Od /Oy- /D WIN32 /D _DEBUG /D _CONSOLE /D _LIB /D _UNICODE /D UNICODE /Gm /EHsc /RTC1 /MDd /GS /fp:precise /Zc:wchar_t /Zc:forScope /Fo"Debug\\" /Fd"Debug\vc120.pdb" /Gd /TP /analyze- /errorReport:prompt Source\MainScene.cpp
         MainScene.cpp
     1>c:\program files (x86)\windows kits\8.1\include\shared\minwindef.h(130): warning C4005: 'APIENTRY' : macro redefinition
                 c:\users\160324t\desktop\sp2\glfw\include\glfw\glfw3.h(92) : see previous definition of 'APIENTRY'
     1>c:\users\160324t\desktop\sp2\application\source\mainscene.cpp(438): warning C4244: 'argument' : conversion from 'int' to 'float', possible loss of data
     1>c:\users\160324t\desktop\sp2\application\source\mainscene.cpp(439): warning C4244: 'argument' : conversion from 'int' to 'float', possible loss of data
       Link:
         C:\Program Files (x86)\Microsoft Visual Studio 12.0\VC\bin\link.exe /ERRORREPORT:PROMPT /OUT:"C:\Users\160324T\Desktop\SP2\Debug\Application.exe" /INCREMENTAL /NOLOGO /LIBPATH:C:\Users\160324T\Desktop\SP2\\glew\lib /LIBPATH:"C:\Users\160324T\Desktop\SP2\\glfw\lib-msvc120" /LIBPATH:C:\Users\160324T\Desktop\SP2\Debug glew32.lib glfw3.lib opengl32.lib winmm.lib Common.lib kernel32.lib user32.lib gdi32.lib winspool.lib comdlg32.lib advapi32.lib shell32.lib ole32.lib oleaut32.lib uuid.lib odbc32.lib odbccp32.lib /MANIFEST /MANIFESTUAC:"level='asInvoker' uiAccess='false'" /manifest:embed /DEBUG /PDB:"C:\Users\160324T\Desktop\SP2\Debug\Application.pdb" /SUBSYSTEM:CONSOLE /TLBID:1 /DYNAMICBASE /NXCOMPAT /IMPLIB:"C:\Users\160324T\Desktop\SP2\Debug\Application.lib" /MACHINE:X86 Debug\Application.obj
         Debug\Camera.obj
         Debug\Camera3.obj
         Debug\LoadOBJ.obj
         Debug\LoadTextData.obj
         Debug\LoadTGA.obj
         Debug\Test.obj
         Debug\main.obj
         Debug\MainScene.obj
         Debug\Mesh.obj
         Debug\MeshBuilder.obj
         Debug\LoadATOM.obj
         Debug\RenderMesh.obj
         Debug\shader.obj
         Debug\Utility.obj
         Application.vcxproj -> C:\Users\160324T\Desktop\SP2\Debug\Application.exe
     1>Done Building Project "C:\Users\160324T\Desktop\SP2\Application\Application.vcxproj" (Build target(s)).

Build succeeded.

Time Elapsed 00:00:01.28
